HV000001: Hibernate Validator 6.2.3.Final
Starting DemoApplication using Java 17.0.1 on duyadeMacBook-Pro.local with PID 5392 (/Users/duya/Desktop/java/demo/target/classes started by duya in /Users/duya/Desktop/java/demo)
The following 1 profile is active: "prod"
Multiple Spring Data modules found, entering strict repository configuration mode
Bootstrapping Spring Data JPA repositories in DEFAULT mode.
Finished Spring Data repository scanning in 36 ms. Found 0 JPA repository interfaces.
Multiple Spring Data modules found, entering strict repository configuration mode
Bootstrapping Spring Data Redis repositories in DEFAULT mode.
Finished Spring Data repository scanning in 12 ms. Found 0 Redis repository interfaces.
Tomcat initialized with port(s): 8088 (http)
Initializing ProtocolHandler ["http-nio-8088"]
Starting service [Tomcat]
Starting Servlet engine: [Apache Tomcat/9.0.65]
Initializing Spring embedded WebApplicationContext
Root WebApplicationContext: initialization completed in 3279 ms
HHH000204: Processing PersistenceUnitInfo [name: default]
HHH000412: Hibernate ORM core version 5.6.10.Final
HCANN000001: Hibernate Commons Annotations {5.1.2.Final}
HikariPool-1 - Starting...
Registered driver with driverClassName=com.mysql.jdbc.Driver was not found, trying direct instantiation.
HikariPool-1 - Start completed.
HHH000400: Using dialect: org.hibernate.dialect.MySQL5InnoDBDialect
HHH000490: Using JtaPlatform implementation: [org.hibernate.engine.transaction.jta.platform.internal.NoJtaPlatform]
Initialized JPA EntityManagerFactory for persistence unit 'default'
spring.jpa.open-in-view is enabled by default. Therefore, database queries may be performed during view rendering. Explicitly configure spring.jpa.open-in-view to disable this warning
Adding welcome page template: index
Starting ProtocolHandler ["http-nio-8088"]
Tomcat started on port(s): 8088 (http) with context path ''
Started DemoApplication in 7.93 seconds (JVM running for 9.191)
Initializing Spring DispatcherServlet 'dispatcherServlet'
Initializing Servlet 'dispatcherServlet'
Completed initialization in 15 ms
进入
url=/redis/getRedis
method=GET
ip=0:0:0:0:0:0:0:1
class_method=com.example.demo.controller.RedisController.getRedisData
args={}
response=com.example.demo.util.Result@c3e358
退出
HikariPool-1 - Thread starvation or clock leap detected (housekeeper delta=27m44s900ms).
HikariPool-1 - Thread starvation or clock leap detected (housekeeper delta=48m30s976ms).
HikariPool-1 - Thread starvation or clock leap detected (housekeeper delta=24m45s83ms).
HikariPool-1 - Thread starvation or clock leap detected (housekeeper delta=17m17s331ms).
HikariPool-1 - Thread starvation or clock leap detected (housekeeper delta=7m45s511ms).
HikariPool-1 - Thread starvation or clock leap detected (housekeeper delta=34m31s11ms).
HikariPool-1 - Thread starvation or clock leap detected (housekeeper delta=10m39s438ms).
Closing JPA EntityManagerFactory for persistence unit 'default'
HikariPool-1 - Shutdown initiated...
HikariPool-1 - Shutdown completed.
HV000001: Hibernate Validator 6.2.3.Final
Starting DemoApplication using Java 17.0.1 on duyadeMacBook-Pro.local with PID 87603 (/Users/duya/Desktop/java/demo/target/classes started by duya in /Users/duya/Desktop/java/demo)
The following 1 profile is active: "prod"
Multiple Spring Data modules found, entering strict repository configuration mode
Bootstrapping Spring Data JPA repositories in DEFAULT mode.
Finished Spring Data repository scanning in 31 ms. Found 0 JPA repository interfaces.
Multiple Spring Data modules found, entering strict repository configuration mode
Bootstrapping Spring Data Redis repositories in DEFAULT mode.
Finished Spring Data repository scanning in 12 ms. Found 0 Redis repository interfaces.
Tomcat initialized with port(s): 8088 (http)
Initializing ProtocolHandler ["http-nio-8088"]
Starting service [Tomcat]
Starting Servlet engine: [Apache Tomcat/9.0.65]
Initializing Spring embedded WebApplicationContext
Root WebApplicationContext: initialization completed in 4149 ms
HHH000204: Processing PersistenceUnitInfo [name: default]
HHH000412: Hibernate ORM core version 5.6.10.Final
HCANN000001: Hibernate Commons Annotations {5.1.2.Final}
HikariPool-1 - Starting...
Registered driver with driverClassName=com.mysql.jdbc.Driver was not found, trying direct instantiation.
HikariPool-1 - Start completed.
HHH000400: Using dialect: org.hibernate.dialect.MySQL5InnoDBDialect
HHH000490: Using JtaPlatform implementation: [org.hibernate.engine.transaction.jta.platform.internal.NoJtaPlatform]
Initialized JPA EntityManagerFactory for persistence unit 'default'
spring.jpa.open-in-view is enabled by default. Therefore, database queries may be performed during view rendering. Explicitly configure spring.jpa.open-in-view to disable this warning
Adding welcome page template: index
Starting ProtocolHandler ["http-nio-8088"]
Tomcat started on port(s): 8088 (http) with context path ''
Started DemoApplication in 8.813 seconds (JVM running for 9.458)
Initializing Spring DispatcherServlet 'dispatcherServlet'
Initializing Servlet 'dispatcherServlet'
Completed initialization in 4 ms
进入
url=/qr/common
method=GET
ip=0:0:0:0:0:0:0:1
class_method=com.example.demo.controller.QRCodeController.getProject
args={}
退出
Closing JPA EntityManagerFactory for persistence unit 'default'
HikariPool-1 - Shutdown initiated...
HikariPool-1 - Shutdown completed.
HV000001: Hibernate Validator 6.2.3.Final
Starting DemoApplication using Java 17.0.1 on duyadeMacBook-Pro.local with PID 89613 (/Users/duya/Desktop/java/demo/target/classes started by duya in /Users/duya/Desktop/java/demo)
The following 1 profile is active: "prod"
Multiple Spring Data modules found, entering strict repository configuration mode
Bootstrapping Spring Data JPA repositories in DEFAULT mode.
Finished Spring Data repository scanning in 37 ms. Found 0 JPA repository interfaces.
Multiple Spring Data modules found, entering strict repository configuration mode
Bootstrapping Spring Data Redis repositories in DEFAULT mode.
Finished Spring Data repository scanning in 13 ms. Found 0 Redis repository interfaces.
Tomcat initialized with port(s): 8088 (http)
Initializing ProtocolHandler ["http-nio-8088"]
Starting service [Tomcat]
Starting Servlet engine: [Apache Tomcat/9.0.65]
Initializing Spring embedded WebApplicationContext
Root WebApplicationContext: initialization completed in 4013 ms
HHH000204: Processing PersistenceUnitInfo [name: default]
HHH000412: Hibernate ORM core version 5.6.10.Final
HCANN000001: Hibernate Commons Annotations {5.1.2.Final}
HikariPool-1 - Starting...
Registered driver with driverClassName=com.mysql.jdbc.Driver was not found, trying direct instantiation.
HikariPool-1 - Start completed.
HHH000400: Using dialect: org.hibernate.dialect.MySQL5InnoDBDialect
HHH000490: Using JtaPlatform implementation: [org.hibernate.engine.transaction.jta.platform.internal.NoJtaPlatform]
Initialized JPA EntityManagerFactory for persistence unit 'default'
spring.jpa.open-in-view is enabled by default. Therefore, database queries may be performed during view rendering. Explicitly configure spring.jpa.open-in-view to disable this warning
Adding welcome page template: index
Starting ProtocolHandler ["http-nio-8088"]
Tomcat started on port(s): 8088 (http) with context path ''
Started DemoApplication in 8.799 seconds (JVM running for 9.627)
Initializing Spring DispatcherServlet 'dispatcherServlet'
Initializing Servlet 'dispatcherServlet'
Completed initialization in 4 ms
进入
url=/qr/common
method=GET
ip=0:0:0:0:0:0:0:1
class_method=com.example.demo.controller.QRCodeController.getProject
args={}
HikariPool-1 - Thread starvation or clock leap detected (housekeeper delta=51s252ms).
退出
进入
url=/qr/common
method=GET
ip=0:0:0:0:0:0:0:1
class_method=com.example.demo.controller.QRCodeController.getProject
args={}
HikariPool-1 - Thread starvation or clock leap detected (housekeeper delta=3m33s390ms).
退出
进入
url=/qr/common
method=GET
ip=0:0:0:0:0:0:0:1
class_method=com.example.demo.controller.QRCodeController.getProject
args={}
退出
进入
url=/qr/imageQR
method=GET
ip=0:0:0:0:0:0:0:1
class_method=com.example.demo.controller.QRCodeController.getQR
args={}
退出
HikariPool-1 - Thread starvation or clock leap detected (housekeeper delta=8m5s9ms).
HikariPool-1 - Thread starvation or clock leap detected (housekeeper delta=2m32s554ms).
HikariPool-1 - Thread starvation or clock leap detected (housekeeper delta=1m8s295ms).
HikariPool-1 - Thread starvation or clock leap detected (housekeeper delta=50m39s527ms).
HikariPool-1 - Thread starvation or clock leap detected (housekeeper delta=46m36s666ms).
HikariPool-1 - Thread starvation or clock leap detected (housekeeper delta=1h23m52s681ms).
HikariPool-1 - Thread starvation or clock leap detected (housekeeper delta=1h5m38s424ms).
