Starting DemoApplication on DESKTOP-9S9TLF1 with PID 27156 (B:\xtalpi\bootJava\target\classes started by xtalpi in B:\xtalpi\bootJava)
The following profiles are active: prod
Refreshing org.springframework.boot.web.servlet.context.AnnotationConfigServletWebServerApplicationContext@367ffa75: startup date [Mon Aug 17 17:52:37 CST 2020]; root of context hierarchy
Bean 'org.springframework.transaction.annotation.ProxyTransactionManagementConfiguration' of type [org.springframework.transaction.annotation.ProxyTransactionManagementConfiguration$$EnhancerBySpringCGLIB$$fd576870] is not eligible for getting processed by all BeanPostProcessors (for example: not eligible for auto-proxying)
Tomcat initialized with port(s): 8088 (http)
Initializing ProtocolHandler ["http-nio-8088"]
Starting service [Tomcat]
Starting Servlet Engine: Apache Tomcat/8.5.31
The APR based Apache Tomcat Native library which allows optimal performance in production environments was not found on the java.library.path: [C:\Program Files\Java\jdk1.8.0_251\bin;C:\WINDOWS\Sun\Java\bin;C:\WINDOWS\system32;C:\WINDOWS;C:\Program Files (x86)\NetSarang\Xshell 7\;C:\Program Files (x86)\Common Files\Oracle\Java\javapath;C:\Program Files (x86)\Intel\Intel(R) Management Engine Components\iCLS\;C:\Program Files\Intel\Intel(R) Management Engine Components\iCLS\;C:\WINDOWS\system32;C:\WINDOWS;C:\WINDOWS\System32\Wbem;C:\WINDOWS\System32\WindowsPowerShell\v1.0\;C:\WINDOWS\System32\OpenSSH\;C:\Program Files (x86)\Intel\Intel(R) Management Engine Components\DAL;C:\Program Files\Intel\Intel(R) Management Engine Components\DAL;B:\software\;C:\Program Files\Git\cmd;B:\maven\apache-maven-3.6.3\bin;C:\Go\bin;C:\Program Files\Java\jdk1.8.0_251\bin;C:\Program Files\Java\jre1.8.0_251\bin;C:\Users\xtalpi\AppData\Local\Programs\Python\Python38\Scripts\;C:\Users\xtalpi\AppData\Local\Programs\Python\Python38\;C:\Program Files\MySQL\MySQL Shell 8.0\bin\;C:\Users\xtalpi\AppData\Local\Microsoft\WindowsApps;C:\Users\xtalpi\AppData\Roaming\npm;B:\Microsoft VS Code\bin;C:\Users\xtalpi\go\bin;;.]
Initializing Spring embedded WebApplicationContext
Root WebApplicationContext: initialization completed in 10641 ms
Servlet dispatcherServlet mapped to [/]
Mapping filter: 'characterEncodingFilter' to: [/*]
Mapping filter: 'hiddenHttpMethodFilter' to: [/*]
Mapping filter: 'httpPutFormContentFilter' to: [/*]
Mapping filter: 'requestContextFilter' to: [/*]
HikariPool-1 - Starting...
HikariPool-1 - Start completed.
Building JPA container EntityManagerFactory for persistence unit 'default'
HHH000204: Processing PersistenceUnitInfo [
	name: default
	...]
HHH000412: Hibernate Core {5.2.17.Final}
HHH000206: hibernate.properties not found
HCANN000001: Hibernate Commons Annotations {5.0.1.Final}
HHH000400: Using dialect: org.hibernate.dialect.MySQL5InnoDBDialect
Initialized JPA EntityManagerFactory for persistence unit 'default'
spring.jpa.open-in-view is enabled by default. Therefore, database queries may be performed during view rendering. Explicitly configure spring.jpa.open-in-view to disable this warning
Mapped "{[/girls/cupSize/{cupSize}],methods=[GET]}" onto public java.util.List<com.example.demo.util.Girl> com.example.demo.controller.GirlController.girlListByCupSize(java.lang.String)
Mapped "{[/girls/two],methods=[POST]}" onto public void com.example.demo.controller.GirlController.girlTwo()
Mapped "{[/girls/{id}],methods=[PUT]}" onto public com.example.demo.util.Girl com.example.demo.controller.GirlController.girlUpadate(java.lang.Integer,java.lang.String,java.lang.Integer)
Mapped "{[/girlsList],methods=[GET]}" onto public java.util.List<com.example.demo.util.Girl> com.example.demo.controller.GirlController.girlList()
Mapped "{[/girls/{id}],methods=[DELETE]}" onto public void com.example.demo.controller.GirlController.girlDelete(java.lang.Integer)
Mapped "{[/girls/{id}],methods=[GET]}" onto public java.util.Optional<com.example.demo.util.Girl> com.example.demo.controller.GirlController.girlFindOne(java.lang.Integer)
Mapped "{[/girls/age/{age}],methods=[GET]}" onto public java.util.List<com.example.demo.util.Girl> com.example.demo.controller.GirlController.girlListByAge(java.lang.Integer)
Mapped "{[/addGirls],methods=[POST]}" onto public com.example.demo.util.Result<com.example.demo.util.Girl> com.example.demo.controller.GirlController.girlAdd(com.example.demo.util.Girl,org.springframework.validation.BindingResult)
Mapped "{[/index.html]}" onto public java.lang.String com.example.demo.controller.HelloController.index()
Mapped "{[/job/list],methods=[GET]}" onto public com.example.demo.util.Result<java.lang.Object> com.example.demo.controller.JobController.getJobList()
Mapped "{[/qr/imageQR],methods=[GET]}" onto public void com.example.demo.controller.QRCodeController.getQR() throws java.io.IOException,com.google.zxing.WriterException
Mapped "{[/qr/common],methods=[GET]}" onto public void com.example.demo.controller.QRCodeController.getProject()
Mapped "{[/user/register],methods=[POST]}" onto public com.example.demo.util.Result<java.lang.Object> com.example.demo.controller.UserController.register(com.example.demo.entry.User)
Mapped "{[/user/login],methods=[POST]}" onto public com.example.demo.util.Result<java.lang.Object> com.example.demo.controller.UserController.login(com.example.demo.entry.User)
Mapped "{[/swagger-resources/configuration/security]}" onto public org.springframework.http.ResponseEntity<springfox.documentation.swagger.web.SecurityConfiguration> springfox.documentation.swagger.web.ApiResourceController.securityConfiguration()
Mapped "{[/swagger-resources/configuration/ui]}" onto public org.springframework.http.ResponseEntity<springfox.documentation.swagger.web.UiConfiguration> springfox.documentation.swagger.web.ApiResourceController.uiConfiguration()
Mapped "{[/swagger-resources]}" onto public org.springframework.http.ResponseEntity<java.util.List<springfox.documentation.swagger.web.SwaggerResource>> springfox.documentation.swagger.web.ApiResourceController.swaggerResources()
Mapped "{[/error]}" onto public org.springframework.http.ResponseEntity<java.util.Map<java.lang.String, java.lang.Object>> org.springframework.boot.autoconfigure.web.servlet.error.BasicErrorController.error(javax.servlet.http.HttpServletRequest)
Mapped "{[/error],produces=[text/html]}" onto public org.springframework.web.servlet.ModelAndView org.springframework.boot.autoconfigure.web.servlet.error.BasicErrorController.errorHtml(javax.servlet.http.HttpServletRequest,javax.servlet.http.HttpServletResponse)
Mapped URL path [/v2/api-docs] onto method [public org.springframework.http.ResponseEntity<springfox.documentation.spring.web.json.Json> springfox.documentation.swagger2.web.Swagger2Controller.getDocumentation(java.lang.String,javax.servlet.http.HttpServletRequest)]
Mapped URL path [/**/favicon.ico] onto handler of type [class org.springframework.web.servlet.resource.ResourceHttpRequestHandler]
Looking for @ControllerAdvice: org.springframework.boot.web.servlet.context.AnnotationConfigServletWebServerApplicationContext@367ffa75: startup date [Mon Aug 17 17:52:37 CST 2020]; root of context hierarchy
Mapped URL path [/webjars/**] onto handler of type [class org.springframework.web.servlet.resource.ResourceHttpRequestHandler]
Mapped URL path [/**] onto handler of type [class org.springframework.web.servlet.resource.ResourceHttpRequestHandler]
Detected @ExceptionHandler methods in handleException
Adding welcome page template: index
Registering beans for JMX exposure on startup
Bean with name 'dataSource' has been autodetected for JMX exposure
Located MBean 'dataSource': registering with JMX server as MBean [com.zaxxer.hikari:name=dataSource,type=HikariDataSource]
Starting beans in phase 2147483647
Context refreshed
Found 1 custom documentation plugin(s)
Scanning for api listing references
Starting ProtocolHandler ["http-nio-8088"]
Using a shared selector for servlet write/read
Tomcat started on port(s): 8088 (http) with context path ''
Started DemoApplication in 27.982 seconds (JVM running for 32.045)
A cookie header was received [1596423473,1596772561,1597025651; username-localhost-8888="2|1:0|10:1597025755|23:username-localhost-8888|44:ZmI4ZTM2MjY0MDE1NGU4NWIzYjRlNWZiMzAyMTkxNzk=|a52826a89465937a1356bee02a7b970e506579ef91ad9669dec0893bc2e07463"; _xsrf=2|9dcfd4aa|06f31ad2c97c3528089569b6b37a0210|1597025755; Hm_lvt_09471ae6cd715fc9271fc36824ac8269=1597312836,1597372307; Nitrogen-Name=cuipeng; Admin-Token=eyJpYXQiOjE1OTc2NDUyMDAsImFsZyI6IkhTNTEyIiwiZXhwIjoxNTk3Njc0MDAwfQ.eyJjb25maXJtIjo2M30.ldsRKAy6mU3qJMeUhUdjAW-JxPSSK5gWPpsAk0JuEeAbf4AeNk_SjcxpeDto8k2wrtKn29zQB4wk6IijIHE4YA; Nitrogen-Auth=admin; Nitrogen-Email=pengpeng.cui@xtalpi.com; isSubMenu=true; secMenu={%22name%22:%22%E4%BB%BB%E5%8A%A1%22%2C%22icon%22:%22task%22%2C%22isSecond%22:true%2C%22children%22:[{%22path%22:%22/job%22%2C%22name%22:%22%E4%BB%BB%E5%8A%A1%22}%2C{%22path%22:%22/job/jobTemplate%22%2C%22name%22:%22%E4%BB%BB%E5%8A%A1%E6%A8%A1%E6%9D%BF%22}]}; Hm_lpvt_09471ae6cd715fc9271fc36824ac8269=1597648281; theme=#2E3F7F] that contained an invalid cookie. That cookie will be ignored.Note: further occurrences of this error will be logged at DEBUG level.
Initializing Spring FrameworkServlet 'dispatcherServlet'
FrameworkServlet 'dispatcherServlet': initialization started
FrameworkServlet 'dispatcherServlet': initialization completed in 39 ms
Starting DemoApplication on DESKTOP-9S9TLF1 with PID 26084 (B:\xtalpi\bootJava\target\classes started by xtalpi in B:\xtalpi\bootJava)
The following profiles are active: prod
Refreshing org.springframework.boot.web.servlet.context.AnnotationConfigServletWebServerApplicationContext@6f3c660a: startup date [Mon Aug 17 17:54:10 CST 2020]; root of context hierarchy
Bean 'org.springframework.transaction.annotation.ProxyTransactionManagementConfiguration' of type [org.springframework.transaction.annotation.ProxyTransactionManagementConfiguration$$EnhancerBySpringCGLIB$$a5221192] is not eligible for getting processed by all BeanPostProcessors (for example: not eligible for auto-proxying)
Tomcat initialized with port(s): 8088 (http)
Initializing ProtocolHandler ["http-nio-8088"]
Starting service [Tomcat]
Starting Servlet Engine: Apache Tomcat/8.5.31
The APR based Apache Tomcat Native library which allows optimal performance in production environments was not found on the java.library.path: [C:\Program Files\Java\jdk1.8.0_251\bin;C:\WINDOWS\Sun\Java\bin;C:\WINDOWS\system32;C:\WINDOWS;C:\Program Files (x86)\NetSarang\Xshell 7\;C:\Program Files (x86)\Common Files\Oracle\Java\javapath;C:\Program Files (x86)\Intel\Intel(R) Management Engine Components\iCLS\;C:\Program Files\Intel\Intel(R) Management Engine Components\iCLS\;C:\WINDOWS\system32;C:\WINDOWS;C:\WINDOWS\System32\Wbem;C:\WINDOWS\System32\WindowsPowerShell\v1.0\;C:\WINDOWS\System32\OpenSSH\;C:\Program Files (x86)\Intel\Intel(R) Management Engine Components\DAL;C:\Program Files\Intel\Intel(R) Management Engine Components\DAL;B:\software\;C:\Program Files\Git\cmd;B:\maven\apache-maven-3.6.3\bin;C:\Go\bin;C:\Program Files\Java\jdk1.8.0_251\bin;C:\Program Files\Java\jre1.8.0_251\bin;C:\Users\xtalpi\AppData\Local\Programs\Python\Python38\Scripts\;C:\Users\xtalpi\AppData\Local\Programs\Python\Python38\;C:\Program Files\MySQL\MySQL Shell 8.0\bin\;C:\Users\xtalpi\AppData\Local\Microsoft\WindowsApps;C:\Users\xtalpi\AppData\Roaming\npm;B:\Microsoft VS Code\bin;C:\Users\xtalpi\go\bin;;.]
Initializing Spring embedded WebApplicationContext
Root WebApplicationContext: initialization completed in 4577 ms
Servlet dispatcherServlet mapped to [/]
Mapping filter: 'characterEncodingFilter' to: [/*]
Mapping filter: 'hiddenHttpMethodFilter' to: [/*]
Mapping filter: 'httpPutFormContentFilter' to: [/*]
Mapping filter: 'requestContextFilter' to: [/*]
HikariPool-1 - Starting...
HikariPool-1 - Start completed.
Building JPA container EntityManagerFactory for persistence unit 'default'
HHH000204: Processing PersistenceUnitInfo [
	name: default
	...]
HHH000412: Hibernate Core {5.2.17.Final}
HHH000206: hibernate.properties not found
HCANN000001: Hibernate Commons Annotations {5.0.1.Final}
HHH000400: Using dialect: org.hibernate.dialect.MySQL5InnoDBDialect
Initialized JPA EntityManagerFactory for persistence unit 'default'
spring.jpa.open-in-view is enabled by default. Therefore, database queries may be performed during view rendering. Explicitly configure spring.jpa.open-in-view to disable this warning
Mapped "{[/girls/cupSize/{cupSize}],methods=[GET]}" onto public java.util.List<com.example.demo.util.Girl> com.example.demo.controller.GirlController.girlListByCupSize(java.lang.String)
Mapped "{[/addGirls],methods=[POST]}" onto public com.example.demo.util.Result<com.example.demo.util.Girl> com.example.demo.controller.GirlController.girlAdd(com.example.demo.util.Girl,org.springframework.validation.BindingResult)
Mapped "{[/girls/{id}],methods=[PUT]}" onto public com.example.demo.util.Girl com.example.demo.controller.GirlController.girlUpadate(java.lang.Integer,java.lang.String,java.lang.Integer)
Mapped "{[/girls/{id}],methods=[DELETE]}" onto public void com.example.demo.controller.GirlController.girlDelete(java.lang.Integer)
Mapped "{[/girlsList],methods=[GET]}" onto public java.util.List<com.example.demo.util.Girl> com.example.demo.controller.GirlController.girlList()
Mapped "{[/girls/{id}],methods=[GET]}" onto public java.util.Optional<com.example.demo.util.Girl> com.example.demo.controller.GirlController.girlFindOne(java.lang.Integer)
Mapped "{[/girls/age/{age}],methods=[GET]}" onto public java.util.List<com.example.demo.util.Girl> com.example.demo.controller.GirlController.girlListByAge(java.lang.Integer)
Mapped "{[/girls/two],methods=[POST]}" onto public void com.example.demo.controller.GirlController.girlTwo()
Mapped "{[/index.html]}" onto public java.lang.String com.example.demo.controller.HelloController.index()
Mapped "{[/job/list],methods=[GET]}" onto public com.example.demo.util.Result<java.lang.Object> com.example.demo.controller.JobController.getJobList()
Mapped "{[/qr/common],methods=[GET]}" onto public void com.example.demo.controller.QRCodeController.getProject()
Mapped "{[/qr/imageQR],methods=[GET]}" onto public void com.example.demo.controller.QRCodeController.getQR() throws java.io.IOException,com.google.zxing.WriterException
Mapped "{[/user/register],methods=[POST]}" onto public com.example.demo.util.Result<java.lang.Object> com.example.demo.controller.UserController.register(com.example.demo.entry.User)
Mapped "{[/user/login],methods=[POST]}" onto public com.example.demo.util.Result<java.lang.Object> com.example.demo.controller.UserController.login(com.example.demo.entry.User)
Mapped "{[/swagger-resources/configuration/security]}" onto public org.springframework.http.ResponseEntity<springfox.documentation.swagger.web.SecurityConfiguration> springfox.documentation.swagger.web.ApiResourceController.securityConfiguration()
Mapped "{[/swagger-resources/configuration/ui]}" onto public org.springframework.http.ResponseEntity<springfox.documentation.swagger.web.UiConfiguration> springfox.documentation.swagger.web.ApiResourceController.uiConfiguration()
Mapped "{[/swagger-resources]}" onto public org.springframework.http.ResponseEntity<java.util.List<springfox.documentation.swagger.web.SwaggerResource>> springfox.documentation.swagger.web.ApiResourceController.swaggerResources()
Mapped "{[/error]}" onto public org.springframework.http.ResponseEntity<java.util.Map<java.lang.String, java.lang.Object>> org.springframework.boot.autoconfigure.web.servlet.error.BasicErrorController.error(javax.servlet.http.HttpServletRequest)
Mapped "{[/error],produces=[text/html]}" onto public org.springframework.web.servlet.ModelAndView org.springframework.boot.autoconfigure.web.servlet.error.BasicErrorController.errorHtml(javax.servlet.http.HttpServletRequest,javax.servlet.http.HttpServletResponse)
Mapped URL path [/v2/api-docs] onto method [public org.springframework.http.ResponseEntity<springfox.documentation.spring.web.json.Json> springfox.documentation.swagger2.web.Swagger2Controller.getDocumentation(java.lang.String,javax.servlet.http.HttpServletRequest)]
Mapped URL path [/**/favicon.ico] onto handler of type [class org.springframework.web.servlet.resource.ResourceHttpRequestHandler]
Looking for @ControllerAdvice: org.springframework.boot.web.servlet.context.AnnotationConfigServletWebServerApplicationContext@6f3c660a: startup date [Mon Aug 17 17:54:10 CST 2020]; root of context hierarchy
Mapped URL path [/webjars/**] onto handler of type [class org.springframework.web.servlet.resource.ResourceHttpRequestHandler]
Mapped URL path [/**] onto handler of type [class org.springframework.web.servlet.resource.ResourceHttpRequestHandler]
Detected @ExceptionHandler methods in handleException
Adding welcome page template: index
Registering beans for JMX exposure on startup
Bean with name 'dataSource' has been autodetected for JMX exposure
Located MBean 'dataSource': registering with JMX server as MBean [com.zaxxer.hikari:name=dataSource,type=HikariDataSource]
Starting beans in phase 2147483647
Context refreshed
Found 1 custom documentation plugin(s)
Scanning for api listing references
Starting ProtocolHandler ["http-nio-8088"]
Using a shared selector for servlet write/read
Tomcat started on port(s): 8088 (http) with context path ''
Started DemoApplication in 14.083 seconds (JVM running for 16.448)
A cookie header was received [1596423473,1596772561,1597025651; username-localhost-8888="2|1:0|10:1597025755|23:username-localhost-8888|44:ZmI4ZTM2MjY0MDE1NGU4NWIzYjRlNWZiMzAyMTkxNzk=|a52826a89465937a1356bee02a7b970e506579ef91ad9669dec0893bc2e07463"; _xsrf=2|9dcfd4aa|06f31ad2c97c3528089569b6b37a0210|1597025755; Hm_lvt_09471ae6cd715fc9271fc36824ac8269=1597312836,1597372307; Nitrogen-Name=cuipeng; Admin-Token=eyJpYXQiOjE1OTc2NDUyMDAsImFsZyI6IkhTNTEyIiwiZXhwIjoxNTk3Njc0MDAwfQ.eyJjb25maXJtIjo2M30.ldsRKAy6mU3qJMeUhUdjAW-JxPSSK5gWPpsAk0JuEeAbf4AeNk_SjcxpeDto8k2wrtKn29zQB4wk6IijIHE4YA; Nitrogen-Auth=admin; Nitrogen-Email=pengpeng.cui@xtalpi.com; isSubMenu=true; secMenu={%22name%22:%22%E4%BB%BB%E5%8A%A1%22%2C%22icon%22:%22task%22%2C%22isSecond%22:true%2C%22children%22:[{%22path%22:%22/job%22%2C%22name%22:%22%E4%BB%BB%E5%8A%A1%22}%2C{%22path%22:%22/job/jobTemplate%22%2C%22name%22:%22%E4%BB%BB%E5%8A%A1%E6%A8%A1%E6%9D%BF%22}]}; Hm_lpvt_09471ae6cd715fc9271fc36824ac8269=1597648281; theme=#2E3F7F] that contained an invalid cookie. That cookie will be ignored.Note: further occurrences of this error will be logged at DEBUG level.
Initializing Spring FrameworkServlet 'dispatcherServlet'
FrameworkServlet 'dispatcherServlet': initialization started
FrameworkServlet 'dispatcherServlet': initialization completed in 44 ms
Closing org.springframework.boot.web.servlet.context.AnnotationConfigServletWebServerApplicationContext@6f3c660a: startup date [Mon Aug 17 17:54:10 CST 2020]; root of context hierarchy
Stopping beans in phase 2147483647
Unregistering JMX-exposed beans on shutdown
Unregistering JMX-exposed beans
Closing JPA EntityManagerFactory for persistence unit 'default'
HikariPool-1 - Shutdown initiated...
HikariPool-1 - Shutdown completed.
