HikariPool-1 - Thread starvation or clock leap detected (housekeeper delta=1m18s693ms987µs400ns).
HikariPool-1 - Thread starvation or clock leap detected (housekeeper delta=2m64ms659µs800ns).
HikariPool-1 - Thread starvation or clock leap detected (housekeeper delta=1m44s127ms824µs500ns).
HikariPool-1 - Thread starvation or clock leap detected (housekeeper delta=54s946ms580µs700ns).
HikariPool-1 - Thread starvation or clock leap detected (housekeeper delta=1m46s53ms156µs600ns).
HikariPool-1 - Thread starvation or clock leap detected (housekeeper delta=55s247ms840µs500ns).
HikariPool-1 - Thread starvation or clock leap detected (housekeeper delta=2m26s24ms729µs500ns).
HikariPool-1 - Thread starvation or clock leap detected (housekeeper delta=1m19s926ms441µs500ns).
HikariPool-1 - Thread starvation or clock leap detected (housekeeper delta=2m1s43ms304µs100ns).
HikariPool-1 - Thread starvation or clock leap detected (housekeeper delta=54s795ms703µs900ns).
HikariPool-1 - Thread starvation or clock leap detected (housekeeper delta=1m6s96ms516µs300ns).
HikariPool-1 - Thread starvation or clock leap detected (housekeeper delta=1m38s34ms139µs).
HikariPool-1 - Thread starvation or clock leap detected (housekeeper delta=55s114ms776µs100ns).
HikariPool-1 - Thread starvation or clock leap detected (housekeeper delta=1m46s866ms775µs400ns).
HikariPool-1 - Thread starvation or clock leap detected (housekeeper delta=55s873ms812µs700ns).
HikariPool-1 - Thread starvation or clock leap detected (housekeeper delta=55s506ms710µs700ns).
HikariPool-1 - Thread starvation or clock leap detected (housekeeper delta=55s69ms233µs).
HikariPool-1 - Thread starvation or clock leap detected (housekeeper delta=1m46s260ms59µs300ns).
HikariPool-1 - Thread starvation or clock leap detected (housekeeper delta=1m10s878ms241µs800ns).
HikariPool-1 - Thread starvation or clock leap detected (housekeeper delta=53s335ms23µs300ns).
HikariPool-1 - Thread starvation or clock leap detected (housekeeper delta=1m17s845ms575µs800ns).
HikariPool-1 - Thread starvation or clock leap detected (housekeeper delta=53s184ms854µs300ns).
HikariPool-1 - Thread starvation or clock leap detected (housekeeper delta=1m19s904ms270µs600ns).
HikariPool-1 - Thread starvation or clock leap detected (housekeeper delta=1m21s909ms586µs900ns).
HikariPool-1 - Thread starvation or clock leap detected (housekeeper delta=52s973ms78µs700ns).
HikariPool-1 - Thread starvation or clock leap detected (housekeeper delta=1m9s742ms938µs100ns).
HikariPool-1 - Thread starvation or clock leap detected (housekeeper delta=1m20s686ms89µs799ns).
