HikariPool-1 - Thread starvation or clock leap detected (housekeeper delta=1h22m9s892ms).
HikariPool-1 - Thread starvation or clock leap detected (housekeeper delta=1h26m51s833ms).
HikariPool-1 - Thread starvation or clock leap detected (housekeeper delta=1h21m26s689ms).
HikariPool-1 - Thread starvation or clock leap detected (housekeeper delta=36m11s653ms).
HikariPool-1 - Thread starvation or clock leap detected (housekeeper delta=2m3s740ms).
HikariPool-1 - Thread starvation or clock leap detected (housekeeper delta=1h19m36s160ms).
HikariPool-1 - Thread starvation or clock leap detected (housekeeper delta=1h21m4s973ms).
HikariPool-1 - Thread starvation or clock leap detected (housekeeper delta=1h24m15s433ms).
HikariPool-1 - Thread starvation or clock leap detected (housekeeper delta=1h54s92ms).
HikariPool-1 - Thread starvation or clock leap detected (housekeeper delta=17m23s566ms).
HikariPool-1 - Thread starvation or clock leap detected (housekeeper delta=16m1s203ms).
HikariPool-1 - Thread starvation or clock leap detected (housekeeper delta=6m36s633ms).
HikariPool-1 - Thread starvation or clock leap detected (housekeeper delta=48s593ms).
HikariPool-1 - Thread starvation or clock leap detected (housekeeper delta=47s924ms).
HikariPool-1 - Thread starvation or clock leap detected (housekeeper delta=6m17s652ms).
HikariPool-1 - Thread starvation or clock leap detected (housekeeper delta=50m8s191ms).
HikariPool-1 - Thread starvation or clock leap detected (housekeeper delta=7m33s194ms).
HikariPool-1 - Thread starvation or clock leap detected (housekeeper delta=28m10s705ms).
HikariPool-1 - Thread starvation or clock leap detected (housekeeper delta=3m3s455ms).
HikariPool-1 - Thread starvation or clock leap detected (housekeeper delta=15m39s796ms).
HikariPool-1 - Thread starvation or clock leap detected (housekeeper delta=3m48s847ms).
HikariPool-1 - Thread starvation or clock leap detected (housekeeper delta=1m10s866ms).
HikariPool-1 - Thread starvation or clock leap detected (housekeeper delta=18m7s924ms).
HikariPool-1 - Thread starvation or clock leap detected (housekeeper delta=1m41s636ms).
HikariPool-1 - Thread starvation or clock leap detected (housekeeper delta=16m24s581ms).
HikariPool-1 - Thread starvation or clock leap detected (housekeeper delta=1h2m51s546ms).
HikariPool-1 - Thread starvation or clock leap detected (housekeeper delta=1m59s794ms).
HikariPool-1 - Thread starvation or clock leap detected (housekeeper delta=47s513ms).
HikariPool-1 - Thread starvation or clock leap detected (housekeeper delta=2m18s727ms).
HikariPool-1 - Thread starvation or clock leap detected (housekeeper delta=26m1s546ms).
HikariPool-1 - Thread starvation or clock leap detected (housekeeper delta=1h8m610ms).
HikariPool-1 - Thread starvation or clock leap detected (housekeeper delta=1h22m47s478ms).
